0 info it worked if it ends with ok
1 verbose cli [ 'C:\\Program Files\\nodejs\\node.exe',
1 verbose cli   'C:\\Program Files\\nodejs\\node_modules\\npm\\bin\\npm-cli.js',
1 verbose cli   'start' ]
2 info using npm@4.1.2
3 info using node@v7.7.4
4 verbose run-script [ 'prestart', 'start', 'poststart' ]
5 info lifecycle nodejsci@0.0.1~prestart: nodejsci@0.0.1
6 silly lifecycle nodejsci@0.0.1~prestart: no script for prestart, continuing
7 info lifecycle nodejsci@0.0.1~start: nodejsci@0.0.1
8 verbose lifecycle nodejsci@0.0.1~start: unsafe-perm in lifecycle true
9 verbose lifecycle nodejsci@0.0.1~start: PATH: C:\Program Files\nodejs\node_modules\npm\bin\node-gyp-bin;C:\proyectosInvestigacion\nodejsci\node_modules\.bin;C:\ProgramData\Oracle\Java\javapath;C:\Program Files (x86)\HP SimplePass\x64;C:\Program Files (x86)\HP SimplePass\;C:\Program Files (x86)\Intel\iCLS Client\;C:\Program Files\Intel\iCLS Client\;C:\Program Files\Common Files\Microsoft Shared\Windows Live;C:\Program Files (x86)\Common Files\Microsoft Shared\Windows Live;C:\Windows\system32;C:\Windows;C:\Windows\System32\Wbem;C:\Windows\System32\WindowsPowerShell\v1.0\;C:\Program Files (x86)\Windows Live\Shared;C:\Program Files (x86)\Intel\OpenCL SDK\2.0\bin\x86;C:\Program Files (x86)\Intel\OpenCL SDK\2.0\bin\x64;C:\Program Files\Intel\WiFi\bin\;C:\Program Files\Common Files\Intel\WirelessCommon\;C:\Program Files\Intel\Intel(R) Management Engine Components\DAL;C:\Program Files\Intel\Intel(R) Management Engine Components\IPT;C:\Program Files (x86)\Intel\Intel(R) Management Engine Components\DAL;C:\Program Files (x86)\Intel\Intel(R) Management Engine Components\IPT;C:\Program Files\Git\cmd;C:\sonar-runner-2.3\bin;C:\wamp\bin\php\php5.5.12;C:\Program Files\nodejs\;C:\composer;C:\Program Files (x86)\Microsoft Visual Studio\Common\Tools\WinNT;C:\Program Files (x86)\Microsoft Visual Studio\Common\MSDev98\Bin;C:\Program Files (x86)\Microsoft Visual Studio\Common\Tools;C:\Program Files (x86)\Microsoft Visual Studio\VC98\bin;C:\Users\Usuario\Miniconda;C:\Users\Usuario\Miniconda\Scripts;C:\Program Files\Mercurial;C:\Users\Usuario\AppData\Roaming\npm;C:\Users\Usuario\AppData\Roaming\Composer\vendor\bin
10 verbose lifecycle nodejsci@0.0.1~start: CWD: C:\proyectosInvestigacion\nodejsci
11 silly lifecycle nodejsci@0.0.1~start: Args: [ '/d /s /c', 'node server.js' ]
12 silly lifecycle nodejsci@0.0.1~start: Returned: code: 1  signal: null
13 info lifecycle nodejsci@0.0.1~start: Failed to exec start script
14 verbose stack Error: nodejsci@0.0.1 start: `node server.js`
14 verbose stack Exit status 1
14 verbose stack     at EventEmitter.<anonymous> (C:\Program Files\nodejs\node_modules\npm\lib\utils\lifecycle.js:279:16)
14 verbose stack     at emitTwo (events.js:106:13)
14 verbose stack     at EventEmitter.emit (events.js:194:7)
14 verbose stack     at ChildProcess.<anonymous> (C:\Program Files\nodejs\node_modules\npm\lib\utils\spawn.js:40:14)
14 verbose stack     at emitTwo (events.js:106:13)
14 verbose stack     at ChildProcess.emit (events.js:194:7)
14 verbose stack     at maybeClose (internal/child_process.js:899:16)
14 verbose stack     at Process.ChildProcess._handle.onexit (internal/child_process.js:226:5)
15 verbose pkgid nodejsci@0.0.1
16 verbose cwd C:\proyectosInvestigacion\nodejsci
17 error Windows_NT 6.1.7601
18 error argv "C:\\Program Files\\nodejs\\node.exe" "C:\\Program Files\\nodejs\\node_modules\\npm\\bin\\npm-cli.js" "start"
19 error node v7.7.4
20 error npm  v4.1.2
21 error code ELIFECYCLE
22 error nodejsci@0.0.1 start: `node server.js`
22 error Exit status 1
23 error Failed at the nodejsci@0.0.1 start script 'node server.js'.
23 error Make sure you have the latest version of node.js and npm installed.
23 error If you do, this is most likely a problem with the nodejsci package,
23 error not with npm itself.
23 error Tell the author that this fails on your system:
23 error     node server.js
23 error You can get information on how to open an issue for this project with:
23 error     npm bugs nodejsci
23 error Or if that isn't available, you can get their info via:
23 error     npm owner ls nodejsci
23 error There is likely additional logging output above.
24 verbose exit [ 1, true ]
